Arguments: 
  /usr/local/bin/node /usr/local/bin/yarn run start

PATH: 
  /usr/local/bin:/usr/bin:/bin:/usr/sbin:/sbin

Yarn version: 
  1.22.10

Node version: 
  14.15.0

Platform: 
  darwin x64

Trace: 
  SyntaxError: /Users/tomatoboy/Develop/Github/React/Tomato-/Tomato-px-to-viewport-tool/package.json: Unexpected token } in JSON at position 169
      at JSON.parse (<anonymous>)
      at /usr/local/lib/node_modules/yarn/lib/cli.js:1625:59
      at Generator.next (<anonymous>)
      at step (/usr/local/lib/node_modules/yarn/lib/cli.js:310:30)
      at /usr/local/lib/node_modules/yarn/lib/cli.js:321:13

npm manifest: 
  {
    "name": "pxtoviewport",
    "version": "1.0.0",
    "main": "index.js",
    "author": "tom",
    "license": "MIT",
  	"scripts": {
      "start": "http-server -p 10009 -o"
    },
  }

yarn manifest: 
  No manifest

Lockfile: 
  No lockfile
